{"C:\\Users\\mawup\\Desktop\\mi projecto\\src\\index.js": {"path":"C:\\Users\\mawup\\Desktop\\mi projecto\\src\\index.js","statementMap":{"0":{"start":{"line":2,"column":0},"end":{"line":2,"column":9}}},"fnMap":{},"branchMap":{},"s":{"0":0},"f":{},"b":{}}
,"C:\\Users\\mawup\\Desktop\\mi projecto\\src\\paises.js": {"path":"C:\\Users\\mawup\\Desktop\\mi projecto\\src\\paises.js","statementMap":{"0":{"start":{"line":7,"column":19},"end":{"line":7,"column":39}},"1":{"start":{"line":9,"column":4},"end":{"line":9,"column":42}},"2":{"start":{"line":10,"column":4},"end":{"line":10,"column":32}},"3":{"start":{"line":11,"column":4},"end":{"line":11,"column":27}}},"fnMap":{"0":{"name":"iniciar","decl":{"start":{"line":6,"column":30},"end":{"line":6,"column":37}},"loc":{"start":{"line":6,"column":40},"end":{"line":12,"column":1}},"line":6}},"branchMap":{},"s":{"0":1,"1":1,"2":1,"3":1},"f":{"0":1},"b":{},"_coverageSchema":"1a1c01bbd47fc00a2c39e90264f33305004495a9","hash":"d408e9baeb91707cf716ba8d803031cb44560822"}
,"C:\\Users\\mawup\\Desktop\\mi projecto\\src\\api\\pais.js": {"path":"C:\\Users\\mawup\\Desktop\\mi projecto\\src\\api\\pais.js","statementMap":{"0":{"start":{"line":1,"column":24},"end":{"line":1,"column":56}},"1":{"start":{"line":4,"column":2},"end":{"line":6,"column":3}},"2":{"start":{"line":5,"column":4},"end":{"line":5,"column":72}},"3":{"start":{"line":7,"column":2},"end":{"line":7,"column":56}},"4":{"start":{"line":11,"column":2},"end":{"line":11,"column":49}}},"fnMap":{"0":{"name":"cargarPais","decl":{"start":{"line":3,"column":22},"end":{"line":3,"column":32}},"loc":{"start":{"line":3,"column":37},"end":{"line":8,"column":1}},"line":3},"1":{"name":"cargarPaises","decl":{"start":{"line":10,"column":22},"end":{"line":10,"column":34}},"loc":{"start":{"line":10,"column":37},"end":{"line":12,"column":1}},"line":10}},"branchMap":{"0":{"loc":{"start":{"line":4,"column":2},"end":{"line":6,"column":3}},"type":"if","locations":[{"start":{"line":4,"column":2},"end":{"line":6,"column":3}},{"start":{},"end":{}}],"line":4}},"s":{"0":4,"1":2,"2":1,"3":1,"4":1},"f":{"0":2,"1":1},"b":{"0":[1,1]},"_coverageSchema":"1a1c01bbd47fc00a2c39e90264f33305004495a9","hash":"5505343ec4881359caa3c9c7b522060a57e8c8d9"}
,"C:\\Users\\mawup\\Desktop\\mi projecto\\src\\barraBuscadora\\autoFill.js": {"path":"C:\\Users\\mawup\\Desktop\\mi projecto\\src\\barraBuscadora\\autoFill.js","statementMap":{"0":{"start":{"line":4,"column":24},"end":{"line":4,"column":57}},"1":{"start":{"line":5,"column":30},"end":{"line":5,"column":68}},"2":{"start":{"line":6,"column":4},"end":{"line":6,"column":37}},"3":{"start":{"line":8,"column":31},"end":{"line":10,"column":5}},"4":{"start":{"line":9,"column":8},"end":{"line":9,"column":49}},"5":{"start":{"line":12,"column":4},"end":{"line":15,"column":5}},"6":{"start":{"line":13,"column":8},"end":{"line":13,"column":49}},"7":{"start":{"line":14,"column":8},"end":{"line":14,"column":15}},"8":{"start":{"line":17,"column":4},"end":{"line":77,"column":5}},"9":{"start":{"line":18,"column":8},"end":{"line":18,"column":50}},"10":{"start":{"line":20,"column":8},"end":{"line":34,"column":11}},"11":{"start":{"line":21,"column":12},"end":{"line":33,"column":13}},"12":{"start":{"line":22,"column":40},"end":{"line":22,"column":67}},"13":{"start":{"line":23,"column":16},"end":{"line":23,"column":63}},"14":{"start":{"line":25,"column":16},"end":{"line":25,"column":57}},"15":{"start":{"line":27,"column":16},"end":{"line":27,"column":63}},"16":{"start":{"line":29,"column":16},"end":{"line":32,"column":19}},"17":{"start":{"line":30,"column":20},"end":{"line":30,"column":51}},"18":{"start":{"line":31,"column":20},"end":{"line":31,"column":61}},"19":{"start":{"line":35,"column":32},"end":{"line":35,"column":34}},"20":{"start":{"line":37,"column":8},"end":{"line":68,"column":11}},"21":{"start":{"line":39,"column":16},"end":{"line":39,"column":66}},"22":{"start":{"line":41,"column":12},"end":{"line":67,"column":13}},"23":{"start":{"line":42,"column":16},"end":{"line":44,"column":17}},"24":{"start":{"line":43,"column":20},"end":{"line":43,"column":58}},"25":{"start":{"line":45,"column":16},"end":{"line":45,"column":39}},"26":{"start":{"line":46,"column":16},"end":{"line":46,"column":71}},"27":{"start":{"line":48,"column":16},"end":{"line":48,"column":40}},"28":{"start":{"line":49,"column":19},"end":{"line":67,"column":13}},"29":{"start":{"line":50,"column":16},"end":{"line":52,"column":17}},"30":{"start":{"line":51,"column":20},"end":{"line":51,"column":43}},"31":{"start":{"line":53,"column":16},"end":{"line":53,"column":39}},"32":{"start":{"line":54,"column":16},"end":{"line":57,"column":18}},"33":{"start":{"line":59,"column":16},"end":{"line":59,"column":40}},"34":{"start":{"line":60,"column":19},"end":{"line":67,"column":13}},"35":{"start":{"line":61,"column":16},"end":{"line":61,"column":39}},"36":{"start":{"line":63,"column":16},"end":{"line":66,"column":17}},"37":{"start":{"line":64,"column":20},"end":{"line":64,"column":80}},"38":{"start":{"line":65,"column":20},"end":{"line":65,"column":61}},"39":{"start":{"line":71,"column":33},"end":{"line":71,"column":85}},"40":{"start":{"line":73,"column":12},"end":{"line":75,"column":15}},"41":{"start":{"line":74,"column":16},"end":{"line":74,"column":89}}},"fnMap":{"0":{"name":"actualizarSugerencias","decl":{"start":{"line":3,"column":16},"end":{"line":3,"column":37}},"loc":{"start":{"line":3,"column":52},"end":{"line":78,"column":1}},"line":3},"1":{"name":"(anonymous_1)","decl":{"start":{"line":8,"column":45},"end":{"line":8,"column":46}},"loc":{"start":{"line":9,"column":8},"end":{"line":9,"column":49}},"line":9},"2":{"name":"(anonymous_2)","decl":{"start":{"line":20,"column":37},"end":{"line":20,"column":38}},"loc":{"start":{"line":20,"column":60},"end":{"line":34,"column":9}},"line":20},"3":{"name":"(anonymous_3)","decl":{"start":{"line":29,"column":58},"end":{"line":29,"column":59}},"loc":{"start":{"line":29,"column":64},"end":{"line":32,"column":17}},"line":29},"4":{"name":"(anonymous_4)","decl":{"start":{"line":37,"column":48},"end":{"line":37,"column":49}},"loc":{"start":{"line":37,"column":59},"end":{"line":68,"column":9}},"line":37},"5":{"name":"seleccionarSugerencia","decl":{"start":{"line":70,"column":17},"end":{"line":70,"column":38}},"loc":{"start":{"line":70,"column":41},"end":{"line":76,"column":9}},"line":70},"6":{"name":"(anonymous_6)","decl":{"start":{"line":73,"column":33},"end":{"line":73,"column":34}},"loc":{"start":{"line":73,"column":57},"end":{"line":75,"column":13}},"line":73}},"branchMap":{"0":{"loc":{"start":{"line":12,"column":4},"end":{"line":15,"column":5}},"type":"if","locations":[{"start":{"line":12,"column":4},"end":{"line":15,"column":5}},{"start":{},"end":{}}],"line":12},"1":{"loc":{"start":{"line":12,"column":8},"end":{"line":12,"column":70}},"type":"binary-expr","locations":[{"start":{"line":12,"column":8},"end":{"line":12,"column":33}},{"start":{"line":12,"column":37},"end":{"line":12,"column":70}}],"line":12},"2":{"loc":{"start":{"line":17,"column":4},"end":{"line":77,"column":5}},"type":"if","locations":[{"start":{"line":17,"column":4},"end":{"line":77,"column":5}},{"start":{},"end":{}}],"line":17},"3":{"loc":{"start":{"line":21,"column":12},"end":{"line":33,"column":13}},"type":"if","locations":[{"start":{"line":21,"column":12},"end":{"line":33,"column":13}},{"start":{},"end":{}}],"line":21},"4":{"loc":{"start":{"line":41,"column":12},"end":{"line":67,"column":13}},"type":"if","locations":[{"start":{"line":41,"column":12},"end":{"line":67,"column":13}},{"start":{"line":49,"column":19},"end":{"line":67,"column":13}}],"line":41},"5":{"loc":{"start":{"line":42,"column":16},"end":{"line":44,"column":17}},"type":"if","locations":[{"start":{"line":42,"column":16},"end":{"line":44,"column":17}},{"start":{},"end":{}}],"line":42},"6":{"loc":{"start":{"line":49,"column":19},"end":{"line":67,"column":13}},"type":"if","locations":[{"start":{"line":49,"column":19},"end":{"line":67,"column":13}},{"start":{"line":60,"column":19},"end":{"line":67,"column":13}}],"line":49},"7":{"loc":{"start":{"line":50,"column":16},"end":{"line":52,"column":17}},"type":"if","locations":[{"start":{"line":50,"column":16},"end":{"line":52,"column":17}},{"start":{},"end":{}}],"line":50},"8":{"loc":{"start":{"line":60,"column":19},"end":{"line":67,"column":13}},"type":"if","locations":[{"start":{"line":60,"column":19},"end":{"line":67,"column":13}},{"start":{},"end":{}}],"line":60},"9":{"loc":{"start":{"line":63,"column":16},"end":{"line":66,"column":17}},"type":"if","locations":[{"start":{"line":63,"column":16},"end":{"line":66,"column":17}},{"start":{},"end":{}}],"line":63}},"s":{"0":8,"1":8,"2":8,"3":8,"4":2000,"5":8,"6":1,"7":1,"8":7,"9":7,"10":7,"11":1067,"12":17,"13":17,"14":17,"15":17,"16":17,"17":1,"18":1,"19":7,"20":7,"21":4,"22":4,"23":1,"24":0,"25":1,"26":1,"27":1,"28":3,"29":2,"30":0,"31":2,"32":2,"33":2,"34":1,"35":1,"36":1,"37":1,"38":1,"39":3,"40":3,"41":9},"f":{"0":8,"1":2000,"2":1067,"3":1,"4":4,"5":3,"6":9},"b":{"0":[1,7],"1":[8,7],"2":[7,0],"3":[17,1050],"4":[1,3],"5":[0,1],"6":[2,1],"7":[0,2],"8":[1,0],"9":[1,0]},"_coverageSchema":"1a1c01bbd47fc00a2c39e90264f33305004495a9","hash":"23b8e080de0a042e01d2b4219a3ea8f1492be80d"}
,"C:\\Users\\mawup\\Desktop\\mi projecto\\src\\barraBuscadora\\barraBuscar.js": {"path":"C:\\Users\\mawup\\Desktop\\mi projecto\\src\\barraBuscadora\\barraBuscar.js","statementMap":{"0":{"start":{"line":7,"column":27},"end":{"line":7,"column":60}},"1":{"start":{"line":8,"column":24},"end":{"line":8,"column":63}},"2":{"start":{"line":10,"column":4},"end":{"line":20,"column":6}},"3":{"start":{"line":11,"column":8},"end":{"line":19,"column":9}},"4":{"start":{"line":12,"column":12},"end":{"line":14,"column":13}},"5":{"start":{"line":13,"column":16},"end":{"line":13,"column":22}},"6":{"start":{"line":15,"column":25},"end":{"line":15,"column":63}},"7":{"start":{"line":16,"column":12},"end":{"line":16,"column":35}},"8":{"start":{"line":18,"column":12},"end":{"line":18,"column":34}},"9":{"start":{"line":22,"column":4},"end":{"line":27,"column":6}},"10":{"start":{"line":23,"column":31},"end":{"line":23,"column":69}},"11":{"start":{"line":24,"column":8},"end":{"line":26,"column":9}},"12":{"start":{"line":25,"column":12},"end":{"line":25,"column":31}},"13":{"start":{"line":29,"column":4},"end":{"line":32,"column":6}},"14":{"start":{"line":30,"column":29},"end":{"line":30,"column":70}},"15":{"start":{"line":31,"column":8},"end":{"line":31,"column":43}}},"fnMap":{"0":{"name":"activarBarraBuscadora","decl":{"start":{"line":6,"column":16},"end":{"line":6,"column":37}},"loc":{"start":{"line":6,"column":40},"end":{"line":33,"column":1}},"line":6},"1":{"name":"(anonymous_1)","decl":{"start":{"line":10,"column":42},"end":{"line":10,"column":43}},"loc":{"start":{"line":10,"column":60},"end":{"line":20,"column":5}},"line":10},"2":{"name":"(anonymous_2)","decl":{"start":{"line":22,"column":47},"end":{"line":22,"column":48}},"loc":{"start":{"line":22,"column":64},"end":{"line":27,"column":5}},"line":22},"3":{"name":"(anonymous_3)","decl":{"start":{"line":29,"column":45},"end":{"line":29,"column":46}},"loc":{"start":{"line":29,"column":51},"end":{"line":32,"column":5}},"line":29}},"branchMap":{"0":{"loc":{"start":{"line":12,"column":12},"end":{"line":14,"column":13}},"type":"if","locations":[{"start":{"line":12,"column":12},"end":{"line":14,"column":13}},{"start":{},"end":{}}],"line":12},"1":{"loc":{"start":{"line":24,"column":8},"end":{"line":26,"column":9}},"type":"if","locations":[{"start":{"line":24,"column":8},"end":{"line":26,"column":9}},{"start":{},"end":{}}],"line":24},"2":{"loc":{"start":{"line":24,"column":12},"end":{"line":24,"column":75}},"type":"binary-expr","locations":[{"start":{"line":24,"column":12},"end":{"line":24,"column":32}},{"start":{"line":24,"column":36},"end":{"line":24,"column":75}}],"line":24}},"s":{"0":2,"1":2,"2":2,"3":4,"4":4,"5":1,"6":3,"7":2,"8":1,"9":2,"10":2,"11":2,"12":1,"13":2,"14":1,"15":1},"f":{"0":2,"1":4,"2":2,"3":1},"b":{"0":[1,3],"1":[1,1],"2":[2,2]},"_coverageSchema":"1a1c01bbd47fc00a2c39e90264f33305004495a9","hash":"0b4a2b448b0ffc56a7cbcc829e294016ee6b3ab5"}
,"C:\\Users\\mawup\\Desktop\\mi projecto\\src\\barraBuscadora\\listaPaisesTotal.js": {"path":"C:\\Users\\mawup\\Desktop\\mi projecto\\src\\barraBuscadora\\listaPaisesTotal.js","statementMap":{"0":{"start":{"line":1,"column":15},"end":{"line":252,"column":1}}},"fnMap":{},"branchMap":{},"s":{"0":4},"f":{},"b":{},"_coverageSchema":"1a1c01bbd47fc00a2c39e90264f33305004495a9","hash":"e94e0ddc464f886ad319a1ff7985e5a6688cc594"}
,"C:\\Users\\mawup\\Desktop\\mi projecto\\src\\barraBuscadora\\validacionesBarraBuscar.js": {"path":"C:\\Users\\mawup\\Desktop\\mi projecto\\src\\barraBuscadora\\validacionesBarraBuscar.js","statementMap":{"0":{"start":{"line":3,"column":31},"end":{"line":5,"column":2}},"1":{"start":{"line":4,"column":4},"end":{"line":4,"column":29}},"2":{"start":{"line":8,"column":4},"end":{"line":8,"column":29}},"3":{"start":{"line":10,"column":4},"end":{"line":12,"column":5}},"4":{"start":{"line":11,"column":8},"end":{"line":11,"column":44}},"5":{"start":{"line":14,"column":4},"end":{"line":14,"column":13}},"6":{"start":{"line":18,"column":17},"end":{"line":18,"column":56}},"7":{"start":{"line":19,"column":22},"end":{"line":19,"column":39}},"8":{"start":{"line":21,"column":4},"end":{"line":27,"column":5}},"9":{"start":{"line":22,"column":8},"end":{"line":22,"column":69}},"10":{"start":{"line":23,"column":8},"end":{"line":23,"column":71}},"11":{"start":{"line":25,"column":8},"end":{"line":25,"column":72}},"12":{"start":{"line":26,"column":8},"end":{"line":26,"column":64}},"13":{"start":{"line":28,"column":4},"end":{"line":28,"column":20}}},"fnMap":{"0":{"name":"(anonymous_0)","decl":{"start":{"line":3,"column":42},"end":{"line":3,"column":43}},"loc":{"start":{"line":3,"column":52},"end":{"line":5,"column":1}},"line":3},"1":{"name":"validarPais","decl":{"start":{"line":7,"column":9},"end":{"line":7,"column":20}},"loc":{"start":{"line":7,"column":27},"end":{"line":15,"column":1}},"line":7},"2":{"name":"validarFormulario","decl":{"start":{"line":17,"column":16},"end":{"line":17,"column":33}},"loc":{"start":{"line":17,"column":36},"end":{"line":29,"column":1}},"line":17}},"branchMap":{"0":{"loc":{"start":{"line":10,"column":4},"end":{"line":12,"column":5}},"type":"if","locations":[{"start":{"line":10,"column":4},"end":{"line":12,"column":5}},{"start":{},"end":{}}],"line":10},"1":{"loc":{"start":{"line":21,"column":4},"end":{"line":27,"column":5}},"type":"if","locations":[{"start":{"line":21,"column":4},"end":{"line":27,"column":5}},{"start":{"line":24,"column":11},"end":{"line":27,"column":5}}],"line":21}},"s":{"0":3,"1":750,"2":2,"3":2,"4":1,"5":1,"6":2,"7":2,"8":2,"9":1,"10":1,"11":1,"12":1,"13":2},"f":{"0":750,"1":2,"2":2},"b":{"0":[1,1],"1":[1,1]},"_coverageSchema":"1a1c01bbd47fc00a2c39e90264f33305004495a9","hash":"d36ddadbddd68607a4a49540690230131e338316"}
,"C:\\Users\\mawup\\Desktop\\mi projecto\\src\\entidades\\pais.js": {"path":"C:\\Users\\mawup\\Desktop\\mi projecto\\src\\entidades\\pais.js","statementMap":{"0":{"start":{"line":14,"column":8},"end":{"line":14,"column":28}},"1":{"start":{"line":15,"column":8},"end":{"line":15,"column":28}},"2":{"start":{"line":16,"column":8},"end":{"line":16,"column":42}},"3":{"start":{"line":17,"column":8},"end":{"line":17,"column":52}},"4":{"start":{"line":18,"column":8},"end":{"line":18,"column":36}},"5":{"start":{"line":19,"column":8},"end":{"line":19,"column":30}},"6":{"start":{"line":20,"column":8},"end":{"line":20,"column":40}},"7":{"start":{"line":21,"column":8},"end":{"line":21,"column":38}},"8":{"start":{"line":22,"column":8},"end":{"line":22,"column":34}},"9":{"start":{"line":23,"column":8},"end":{"line":23,"column":38}}},"fnMap":{"0":{"name":"(anonymous_0)","decl":{"start":{"line":2,"column":4},"end":{"line":2,"column":5}},"loc":{"start":{"line":13,"column":6},"end":{"line":24,"column":5}},"line":13}},"branchMap":{"0":{"loc":{"start":{"line":4,"column":8},"end":{"line":4,"column":19}},"type":"default-arg","locations":[{"start":{"line":4,"column":17},"end":{"line":4,"column":19}}],"line":4},"1":{"loc":{"start":{"line":6,"column":8},"end":{"line":6,"column":31}},"type":"default-arg","locations":[{"start":{"line":6,"column":29},"end":{"line":6,"column":31}}],"line":6},"2":{"loc":{"start":{"line":12,"column":8},"end":{"line":12,"column":24}},"type":"default-arg","locations":[{"start":{"line":12,"column":22},"end":{"line":12,"column":24}}],"line":12}},"s":{"0":5,"1":5,"2":5,"3":5,"4":5,"5":5,"6":5,"7":5,"8":5,"9":5},"f":{"0":5},"b":{"0":[0],"1":[0],"2":[0]},"_coverageSchema":"1a1c01bbd47fc00a2c39e90264f33305004495a9","hash":"4f6399bbcbcd85ff76823c27f07ad49ec093ea62"}
,"C:\\Users\\mawup\\Desktop\\mi projecto\\src\\mapeadores\\pais.js": {"path":"C:\\Users\\mawup\\Desktop\\mi projecto\\src\\mapeadores\\pais.js","statementMap":{"0":{"start":{"line":14,"column":8},"end":{"line":14,"column":16}},"1":{"start":{"line":16,"column":4},"end":{"line":27,"column":5}},"2":{"start":{"line":18,"column":44},"end":{"line":18,"column":53}},"3":{"start":{"line":31,"column":26},"end":{"line":31,"column":28}},"4":{"start":{"line":32,"column":4},"end":{"line":35,"column":6}},"5":{"start":{"line":33,"column":35},"end":{"line":33,"column":44}},"6":{"start":{"line":34,"column":8},"end":{"line":34,"column":34}},"7":{"start":{"line":37,"column":4},"end":{"line":37,"column":24}}},"fnMap":{"0":{"name":"mapearPais","decl":{"start":{"line":3,"column":16},"end":{"line":3,"column":26}},"loc":{"start":{"line":3,"column":37},"end":{"line":28,"column":1}},"line":3},"1":{"name":"(anonymous_1)","decl":{"start":{"line":18,"column":34},"end":{"line":18,"column":35}},"loc":{"start":{"line":18,"column":44},"end":{"line":18,"column":53}},"line":18},"2":{"name":"mapearPaises","decl":{"start":{"line":30,"column":16},"end":{"line":30,"column":28}},"loc":{"start":{"line":30,"column":39},"end":{"line":38,"column":1}},"line":30},"3":{"name":"(anonymous_3)","decl":{"start":{"line":32,"column":21},"end":{"line":32,"column":22}},"loc":{"start":{"line":32,"column":31},"end":{"line":35,"column":5}},"line":32}},"branchMap":{},"s":{"0":4,"1":4,"2":4,"3":5,"4":5,"5":10,"6":10,"7":5},"f":{"0":4,"1":4,"2":5,"3":10},"b":{},"_coverageSchema":"1a1c01bbd47fc00a2c39e90264f33305004495a9","hash":"699d8b4f7881a6e8f28981b447b8c1ff0e9a1280"}
,"C:\\Users\\mawup\\Desktop\\mi projecto\\src\\servicios\\pais.js": {"path":"C:\\Users\\mawup\\Desktop\\mi projecto\\src\\servicios\\pais.js","statementMap":{"0":{"start":{"line":16,"column":4},"end":{"line":18,"column":5}},"1":{"start":{"line":17,"column":8},"end":{"line":17,"column":75}},"2":{"start":{"line":20,"column":4},"end":{"line":28,"column":5}},"3":{"start":{"line":21,"column":35},"end":{"line":21,"column":63}},"4":{"start":{"line":22,"column":8},"end":{"line":22,"column":33}},"5":{"start":{"line":24,"column":26},"end":{"line":24,"column":51}},"6":{"start":{"line":25,"column":8},"end":{"line":25,"column":45}},"7":{"start":{"line":26,"column":8},"end":{"line":26,"column":29}},"8":{"start":{"line":27,"column":8},"end":{"line":27,"column":19}},"9":{"start":{"line":32,"column":4},"end":{"line":39,"column":5}},"10":{"start":{"line":33,"column":8},"end":{"line":33,"column":43}},"11":{"start":{"line":35,"column":27},"end":{"line":35,"column":52}},"12":{"start":{"line":36,"column":23},"end":{"line":36,"column":47}},"13":{"start":{"line":37,"column":8},"end":{"line":37,"column":29}},"14":{"start":{"line":38,"column":8},"end":{"line":38,"column":21}}},"fnMap":{"0":{"name":"cargarPais","decl":{"start":{"line":15,"column":22},"end":{"line":15,"column":32}},"loc":{"start":{"line":15,"column":37},"end":{"line":29,"column":1}},"line":15},"1":{"name":"cargarPaises","decl":{"start":{"line":31,"column":22},"end":{"line":31,"column":34}},"loc":{"start":{"line":31,"column":37},"end":{"line":40,"column":1}},"line":31}},"branchMap":{"0":{"loc":{"start":{"line":16,"column":4},"end":{"line":18,"column":5}},"type":"if","locations":[{"start":{"line":16,"column":4},"end":{"line":18,"column":5}},{"start":{},"end":{}}],"line":16}},"s":{"0":4,"1":1,"2":3,"3":3,"4":1,"5":2,"6":2,"7":2,"8":2,"9":4,"10":4,"11":3,"12":3,"13":3,"14":3},"f":{"0":4,"1":4},"b":{"0":[1,3]},"_coverageSchema":"1a1c01bbd47fc00a2c39e90264f33305004495a9","hash":"cbd197b53aac1e8817364f46de1fb48e2bfa026c"}
,"C:\\Users\\mawup\\Desktop\\mi projecto\\src\\storage\\pais.js": {"path":"C:\\Users\\mawup\\Desktop\\mi projecto\\src\\storage\\pais.js","statementMap":{"0":{"start":{"line":2,"column":4},"end":{"line":2,"column":23}},"1":{"start":{"line":6,"column":4},"end":{"line":8,"column":5}},"2":{"start":{"line":7,"column":8},"end":{"line":7,"column":75}},"3":{"start":{"line":10,"column":17},"end":{"line":10,"column":69}},"4":{"start":{"line":12,"column":4},"end":{"line":14,"column":5}},"5":{"start":{"line":13,"column":8},"end":{"line":13,"column":58}},"6":{"start":{"line":15,"column":4},"end":{"line":15,"column":15}},"7":{"start":{"line":19,"column":4},"end":{"line":23,"column":5}},"8":{"start":{"line":20,"column":8},"end":{"line":22,"column":9}},"9":{"start":{"line":25,"column":4},"end":{"line":25,"column":66}},"10":{"start":{"line":29,"column":4},"end":{"line":31,"column":5}},"11":{"start":{"line":30,"column":8},"end":{"line":30,"column":46}},"12":{"start":{"line":33,"column":4},"end":{"line":33,"column":64}},"13":{"start":{"line":37,"column":19},"end":{"line":37,"column":67}},"14":{"start":{"line":38,"column":4},"end":{"line":40,"column":5}},"15":{"start":{"line":39,"column":8},"end":{"line":39,"column":58}},"16":{"start":{"line":42,"column":4},"end":{"line":42,"column":17}}},"fnMap":{"0":{"name":"obtenerKeyPais","decl":{"start":{"line":1,"column":9},"end":{"line":1,"column":23}},"loc":{"start":{"line":1,"column":28},"end":{"line":3,"column":1}},"line":1},"1":{"name":"cargarPais","decl":{"start":{"line":5,"column":16},"end":{"line":5,"column":26}},"loc":{"start":{"line":5,"column":31},"end":{"line":16,"column":1}},"line":5},"2":{"name":"guardarPais","decl":{"start":{"line":18,"column":16},"end":{"line":18,"column":27}},"loc":{"start":{"line":18,"column":38},"end":{"line":26,"column":1}},"line":18},"3":{"name":"guardarPaises","decl":{"start":{"line":28,"column":16},"end":{"line":28,"column":29}},"loc":{"start":{"line":28,"column":38},"end":{"line":34,"column":1}},"line":28},"4":{"name":"cargarPaises","decl":{"start":{"line":36,"column":16},"end":{"line":36,"column":28}},"loc":{"start":{"line":36,"column":31},"end":{"line":43,"column":1}},"line":36}},"branchMap":{"0":{"loc":{"start":{"line":6,"column":4},"end":{"line":8,"column":5}},"type":"if","locations":[{"start":{"line":6,"column":4},"end":{"line":8,"column":5}},{"start":{},"end":{}}],"line":6},"1":{"loc":{"start":{"line":12,"column":4},"end":{"line":14,"column":5}},"type":"if","locations":[{"start":{"line":12,"column":4},"end":{"line":14,"column":5}},{"start":{},"end":{}}],"line":12},"2":{"loc":{"start":{"line":19,"column":4},"end":{"line":23,"column":5}},"type":"if","locations":[{"start":{"line":19,"column":4},"end":{"line":23,"column":5}},{"start":{},"end":{}}],"line":19},"3":{"loc":{"start":{"line":19,"column":8},"end":{"line":19,"column":52}},"type":"binary-expr","locations":[{"start":{"line":19,"column":8},"end":{"line":19,"column":24}},{"start":{"line":19,"column":28},"end":{"line":19,"column":52}}],"line":19},"4":{"loc":{"start":{"line":29,"column":4},"end":{"line":31,"column":5}},"type":"if","locations":[{"start":{"line":29,"column":4},"end":{"line":31,"column":5}},{"start":{},"end":{}}],"line":29},"5":{"loc":{"start":{"line":38,"column":4},"end":{"line":40,"column":5}},"type":"if","locations":[{"start":{"line":38,"column":4},"end":{"line":40,"column":5}},{"start":{},"end":{}}],"line":38}},"s":{"0":5,"1":6,"2":1,"3":5,"4":3,"5":1,"6":2,"7":4,"8":2,"9":2,"10":3,"11":1,"12":2,"13":5,"14":3,"15":2,"16":1},"f":{"0":5,"1":6,"2":4,"3":3,"4":5},"b":{"0":[1,5],"1":[1,2],"2":[2,2],"3":[4,3],"4":[1,2],"5":[2,1]},"_coverageSchema":"1a1c01bbd47fc00a2c39e90264f33305004495a9","hash":"30e99443f8ef8eabe2ef99c0203f340b2b87cf5e"}
,"C:\\Users\\mawup\\Desktop\\mi projecto\\src\\ui\\caracteristicasPaises.js": {"path":"C:\\Users\\mawup\\Desktop\\mi projecto\\src\\ui\\caracteristicasPaises.js","statementMap":{"0":{"start":{"line":2,"column":33},"end":{"line":2,"column":82}},"1":{"start":{"line":3,"column":28},"end":{"line":3,"column":56}},"2":{"start":{"line":4,"column":4},"end":{"line":4,"column":49}},"3":{"start":{"line":5,"column":4},"end":{"line":9,"column":5}},"4":{"start":{"line":6,"column":8},"end":{"line":6,"column":65}},"5":{"start":{"line":8,"column":8},"end":{"line":8,"column":44}},"6":{"start":{"line":10,"column":4},"end":{"line":10,"column":53}},"7":{"start":{"line":14,"column":33},"end":{"line":14,"column":82}},"8":{"start":{"line":16,"column":30},"end":{"line":16,"column":58}},"9":{"start":{"line":17,"column":4},"end":{"line":17,"column":53}},"10":{"start":{"line":18,"column":4},"end":{"line":18,"column":49}},"11":{"start":{"line":19,"column":4},"end":{"line":19,"column":51}},"12":{"start":{"line":21,"column":18},"end":{"line":21,"column":45}},"13":{"start":{"line":22,"column":4},"end":{"line":31,"column":5}},"14":{"start":{"line":23,"column":8},"end":{"line":23,"column":38}},"15":{"start":{"line":27,"column":8},"end":{"line":27,"column":32}},"16":{"start":{"line":28,"column":8},"end":{"line":28,"column":33}},"17":{"start":{"line":29,"column":8},"end":{"line":29,"column":25}},"18":{"start":{"line":34,"column":4},"end":{"line":34,"column":40}},"19":{"start":{"line":35,"column":4},"end":{"line":35,"column":55}}},"fnMap":{"0":{"name":"crearCaracteristicaPais","decl":{"start":{"line":1,"column":16},"end":{"line":1,"column":39}},"loc":{"start":{"line":1,"column":47},"end":{"line":11,"column":1}},"line":1},"1":{"name":"mostrarCotaDeArmas","decl":{"start":{"line":13,"column":16},"end":{"line":13,"column":34}},"loc":{"start":{"line":13,"column":48},"end":{"line":36,"column":1}},"line":13}},"branchMap":{"0":{"loc":{"start":{"line":5,"column":4},"end":{"line":9,"column":5}},"type":"if","locations":[{"start":{"line":5,"column":4},"end":{"line":9,"column":5}},{"start":{"line":7,"column":11},"end":{"line":9,"column":5}}],"line":5},"1":{"loc":{"start":{"line":22,"column":4},"end":{"line":31,"column":5}},"type":"if","locations":[{"start":{"line":22,"column":4},"end":{"line":31,"column":5}},{"start":{"line":26,"column":9},"end":{"line":31,"column":5}}],"line":22}},"s":{"0":7,"1":7,"2":7,"3":7,"4":0,"5":7,"6":7,"7":2,"8":2,"9":2,"10":2,"11":2,"12":2,"13":2,"14":1,"15":1,"16":1,"17":1,"18":2,"19":2},"f":{"0":7,"1":2},"b":{"0":[0,7],"1":[1,1]},"_coverageSchema":"1a1c01bbd47fc00a2c39e90264f33305004495a9","hash":"3e2285e898bf3882b7885aa1288f5744457a3fe7"}
,"C:\\Users\\mawup\\Desktop\\mi projecto\\src\\ui\\general.js": {"path":"C:\\Users\\mawup\\Desktop\\mi projecto\\src\\ui\\general.js","statementMap":{"0":{"start":{"line":2,"column":19},"end":{"line":2,"column":51}},"1":{"start":{"line":3,"column":4},"end":{"line":3,"column":30}},"2":{"start":{"line":7,"column":4},"end":{"line":7,"column":75}}},"fnMap":{"0":{"name":"actualizarTextoAyuda","decl":{"start":{"line":1,"column":16},"end":{"line":1,"column":36}},"loc":{"start":{"line":1,"column":44},"end":{"line":4,"column":1}},"line":1},"1":{"name":"mostrarCantidadDePaises","decl":{"start":{"line":6,"column":16},"end":{"line":6,"column":39}},"loc":{"start":{"line":6,"column":56},"end":{"line":8,"column":1}},"line":6}},"branchMap":{},"s":{"0":1,"1":1,"2":2},"f":{"0":1,"1":2},"b":{},"_coverageSchema":"1a1c01bbd47fc00a2c39e90264f33305004495a9","hash":"c4f0d73cc86961abb611501ec4c603d9e579c5a3"}
,"C:\\Users\\mawup\\Desktop\\mi projecto\\src\\ui\\listadoPaises.js": {"path":"C:\\Users\\mawup\\Desktop\\mi projecto\\src\\ui\\listadoPaises.js","statementMap":{"0":{"start":{"line":5,"column":20},"end":{"line":5,"column":53}},"1":{"start":{"line":6,"column":4},"end":{"line":6,"column":26}},"2":{"start":{"line":8,"column":4},"end":{"line":17,"column":6}},"3":{"start":{"line":9,"column":22},"end":{"line":9,"column":49}},"4":{"start":{"line":10,"column":8},"end":{"line":10,"column":66}},"5":{"start":{"line":11,"column":8},"end":{"line":11,"column":38}},"6":{"start":{"line":12,"column":8},"end":{"line":14,"column":10}},"7":{"start":{"line":13,"column":12},"end":{"line":13,"column":53}},"8":{"start":{"line":16,"column":8},"end":{"line":16,"column":34}}},"fnMap":{"0":{"name":"mostrarListadoPaises","decl":{"start":{"line":4,"column":22},"end":{"line":4,"column":42}},"loc":{"start":{"line":4,"column":51},"end":{"line":18,"column":1}},"line":4},"1":{"name":"(anonymous_1)","decl":{"start":{"line":8,"column":19},"end":{"line":8,"column":20}},"loc":{"start":{"line":8,"column":35},"end":{"line":17,"column":5}},"line":8},"2":{"name":"(anonymous_2)","decl":{"start":{"line":12,"column":40},"end":{"line":12,"column":41}},"loc":{"start":{"line":12,"column":52},"end":{"line":14,"column":9}},"line":12}},"branchMap":{},"s":{"0":3,"1":3,"2":3,"3":6,"4":6,"5":6,"6":6,"7":1,"8":6},"f":{"0":3,"1":6,"2":1},"b":{},"_coverageSchema":"1a1c01bbd47fc00a2c39e90264f33305004495a9","hash":"0958abfbb58785c81edcf18bee6772e4447c1139"}
,"C:\\Users\\mawup\\Desktop\\mi projecto\\src\\ui\\pais.js": {"path":"C:\\Users\\mawup\\Desktop\\mi projecto\\src\\ui\\pais.js","statementMap":{"0":{"start":{"line":19,"column":8},"end":{"line":19,"column":12}},"1":{"start":{"line":20,"column":29},"end":{"line":20,"column":78}},"2":{"start":{"line":21,"column":4},"end":{"line":21,"column":35}},"3":{"start":{"line":23,"column":4},"end":{"line":23,"column":28}},"4":{"start":{"line":25,"column":4},"end":{"line":25,"column":63}},"5":{"start":{"line":27,"column":4},"end":{"line":27,"column":50}},"6":{"start":{"line":28,"column":4},"end":{"line":28,"column":48}},"7":{"start":{"line":29,"column":4},"end":{"line":29,"column":56}},"8":{"start":{"line":30,"column":4},"end":{"line":30,"column":60}},"9":{"start":{"line":31,"column":4},"end":{"line":31,"column":59}},"10":{"start":{"line":32,"column":4},"end":{"line":32,"column":65}},"11":{"start":{"line":34,"column":4},"end":{"line":34,"column":52}},"12":{"start":{"line":35,"column":27},"end":{"line":35,"column":72}},"13":{"start":{"line":36,"column":4},"end":{"line":36,"column":53}},"14":{"start":{"line":38,"column":4},"end":{"line":39,"column":26}}},"fnMap":{"0":{"name":"mostrarPais","decl":{"start":{"line":7,"column":22},"end":{"line":7,"column":33}},"loc":{"start":{"line":7,"column":40},"end":{"line":40,"column":1}},"line":7}},"branchMap":{},"s":{"0":1,"1":1,"2":1,"3":1,"4":1,"5":1,"6":1,"7":1,"8":1,"9":1,"10":1,"11":1,"12":1,"13":1,"14":1},"f":{"0":1},"b":{},"_coverageSchema":"1a1c01bbd47fc00a2c39e90264f33305004495a9","hash":"f297939c5396971440a36f1f64c4d0b9f7d0ca8e"}
}
