TN:
SF:src\index.js
FNF:0
FNH:0
DA:2,0
LF:1
LH:0
BRF:0
BRH:0
end_of_record
TN:
SF:src\paises.js
FN:6,iniciar
FNF:1
FNH:1
FNDA:1,iniciar
DA:7,1
DA:9,1
DA:10,1
DA:11,1
LF:4
LH:4
BRF:0
BRH:0
end_of_record
TN:
SF:src\api\pais.js
FN:3,cargarPais
FN:10,cargarPaises
FNF:2
FNH:2
FNDA:2,cargarPais
FNDA:1,cargarPaises
DA:1,4
DA:4,2
DA:5,1
DA:7,1
DA:11,1
LF:5
LH:5
BRDA:4,0,0,1
BRDA:4,0,1,1
BRF:2
BRH:2
end_of_record
TN:
SF:src\barraBuscadora\autoFill.js
FN:3,actualizarSugerencias
FN:8,(anonymous_1)
FN:20,(anonymous_2)
FN:29,(anonymous_3)
FN:37,(anonymous_4)
FN:70,seleccionarSugerencia
FN:73,(anonymous_6)
FNF:7
FNH:7
FNDA:8,actualizarSugerencias
FNDA:2000,(anonymous_1)
FNDA:1067,(anonymous_2)
FNDA:1,(anonymous_3)
FNDA:4,(anonymous_4)
FNDA:3,seleccionarSugerencia
FNDA:9,(anonymous_6)
DA:4,8
DA:5,8
DA:6,8
DA:8,8
DA:9,2000
DA:12,8
DA:13,1
DA:14,1
DA:17,7
DA:18,7
DA:20,7
DA:21,1067
DA:22,17
DA:23,17
DA:25,17
DA:27,17
DA:29,17
DA:30,1
DA:31,1
DA:35,7
DA:37,7
DA:39,4
DA:41,4
DA:42,1
DA:43,0
DA:45,1
DA:46,1
DA:48,1
DA:49,3
DA:50,2
DA:51,0
DA:53,2
DA:54,2
DA:59,2
DA:60,1
DA:61,1
DA:63,1
DA:64,1
DA:65,1
DA:71,3
DA:73,3
DA:74,9
LF:42
LH:40
BRDA:12,0,0,1
BRDA:12,0,1,7
BRDA:12,1,0,8
BRDA:12,1,1,7
BRDA:17,2,0,7
BRDA:17,2,1,0
BRDA:21,3,0,17
BRDA:21,3,1,1050
BRDA:41,4,0,1
BRDA:41,4,1,3
BRDA:42,5,0,0
BRDA:42,5,1,1
BRDA:49,6,0,2
BRDA:49,6,1,1
BRDA:50,7,0,0
BRDA:50,7,1,2
BRDA:60,8,0,1
BRDA:60,8,1,0
BRDA:63,9,0,1
BRDA:63,9,1,0
BRF:20
BRH:15
end_of_record
TN:
SF:src\barraBuscadora\barraBuscar.js
FN:6,activarBarraBuscadora
FN:10,(anonymous_1)
FN:22,(anonymous_2)
FN:29,(anonymous_3)
FNF:4
FNH:4
FNDA:2,activarBarraBuscadora
FNDA:4,(anonymous_1)
FNDA:2,(anonymous_2)
FNDA:1,(anonymous_3)
DA:7,2
DA:8,2
DA:10,2
DA:11,4
DA:12,4
DA:13,1
DA:15,3
DA:16,2
DA:18,1
DA:22,2
DA:23,2
DA:24,2
DA:25,1
DA:29,2
DA:30,1
DA:31,1
LF:16
LH:16
BRDA:12,0,0,1
BRDA:12,0,1,3
BRDA:24,1,0,1
BRDA:24,1,1,1
BRDA:24,2,0,2
BRDA:24,2,1,2
BRF:6
BRH:6
end_of_record
TN:
SF:src\barraBuscadora\listaPaisesTotal.js
FNF:0
FNH:0
DA:1,4
LF:1
LH:1
BRF:0
BRH:0
end_of_record
TN:
SF:src\barraBuscadora\validacionesBarraBuscar.js
FN:3,(anonymous_0)
FN:7,validarPais
FN:17,validarFormulario
FNF:3
FNH:3
FNDA:750,(anonymous_0)
FNDA:2,validarPais
FNDA:2,validarFormulario
DA:3,3
DA:4,750
DA:8,2
DA:10,2
DA:11,1
DA:14,1
DA:18,2
DA:19,2
DA:21,2
DA:22,1
DA:23,1
DA:25,1
DA:26,1
DA:28,2
LF:14
LH:14
BRDA:10,0,0,1
BRDA:10,0,1,1
BRDA:21,1,0,1
BRDA:21,1,1,1
BRF:4
BRH:4
end_of_record
TN:
SF:src\entidades\pais.js
FN:2,(anonymous_0)
FNF:1
FNH:1
FNDA:5,(anonymous_0)
DA:14,5
DA:15,5
DA:16,5
DA:17,5
DA:18,5
DA:19,5
DA:20,5
DA:21,5
DA:22,5
DA:23,5
LF:10
LH:10
BRDA:4,0,0,0
BRDA:6,1,0,0
BRDA:12,2,0,0
BRF:3
BRH:0
end_of_record
TN:
SF:src\mapeadores\pais.js
FN:3,mapearPais
FN:18,(anonymous_1)
FN:30,mapearPaises
FN:32,(anonymous_3)
FNF:4
FNH:4
FNDA:4,mapearPais
FNDA:4,(anonymous_1)
FNDA:5,mapearPaises
FNDA:10,(anonymous_3)
DA:14,4
DA:16,4
DA:18,4
DA:31,5
DA:32,5
DA:33,10
DA:34,10
DA:37,5
LF:8
LH:8
BRF:0
BRH:0
end_of_record
TN:
SF:src\servicios\pais.js
FN:15,cargarPais
FN:31,cargarPaises
FNF:2
FNH:2
FNDA:4,cargarPais
FNDA:4,cargarPaises
DA:16,4
DA:17,1
DA:20,3
DA:21,3
DA:22,1
DA:24,2
DA:25,2
DA:26,2
DA:27,2
DA:32,4
DA:33,4
DA:35,3
DA:36,3
DA:37,3
DA:38,3
LF:15
LH:15
BRDA:16,0,0,1
BRDA:16,0,1,3
BRF:2
BRH:2
end_of_record
TN:
SF:src\storage\pais.js
FN:1,obtenerKeyPais
FN:5,cargarPais
FN:18,guardarPais
FN:28,guardarPaises
FN:36,cargarPaises
FNF:5
FNH:5
FNDA:5,obtenerKeyPais
FNDA:6,cargarPais
FNDA:4,guardarPais
FNDA:3,guardarPaises
FNDA:5,cargarPaises
DA:2,5
DA:6,6
DA:7,1
DA:10,5
DA:12,3
DA:13,1
DA:15,2
DA:19,4
DA:20,2
DA:25,2
DA:29,3
DA:30,1
DA:33,2
DA:37,5
DA:38,3
DA:39,2
DA:42,1
LF:17
LH:17
BRDA:6,0,0,1
BRDA:6,0,1,5
BRDA:12,1,0,1
BRDA:12,1,1,2
BRDA:19,2,0,2
BRDA:19,2,1,2
BRDA:19,3,0,4
BRDA:19,3,1,3
BRDA:29,4,0,1
BRDA:29,4,1,2
BRDA:38,5,0,2
BRDA:38,5,1,1
BRF:12
BRH:12
end_of_record
TN:
SF:src\ui\caracteristicasPaises.js
FN:1,crearCaracteristicaPais
FN:13,mostrarCotaDeArmas
FNF:2
FNH:2
FNDA:7,crearCaracteristicaPais
FNDA:2,mostrarCotaDeArmas
DA:2,7
DA:3,7
DA:4,7
DA:5,7
DA:6,0
DA:8,7
DA:10,7
DA:14,2
DA:16,2
DA:17,2
DA:18,2
DA:19,2
DA:21,2
DA:22,2
DA:23,1
DA:27,1
DA:28,1
DA:29,1
DA:34,2
DA:35,2
LF:20
LH:19
BRDA:5,0,0,0
BRDA:5,0,1,7
BRDA:22,1,0,1
BRDA:22,1,1,1
BRF:4
BRH:3
end_of_record
TN:
SF:src\ui\general.js
FN:1,actualizarTextoAyuda
FN:6,mostrarCantidadDePaises
FNF:2
FNH:2
FNDA:1,actualizarTextoAyuda
FNDA:2,mostrarCantidadDePaises
DA:2,1
DA:3,1
DA:7,2
LF:3
LH:3
BRF:0
BRH:0
end_of_record
TN:
SF:src\ui\listadoPaises.js
FN:4,mostrarListadoPaises
FN:8,(anonymous_1)
FN:12,(anonymous_2)
FNF:3
FNH:3
FNDA:3,mostrarListadoPaises
FNDA:6,(anonymous_1)
FNDA:1,(anonymous_2)
DA:5,3
DA:6,3
DA:8,3
DA:9,6
DA:10,6
DA:11,6
DA:12,6
DA:13,1
DA:16,6
LF:9
LH:9
BRF:0
BRH:0
end_of_record
TN:
SF:src\ui\pais.js
FN:7,mostrarPais
FNF:1
FNH:1
FNDA:1,mostrarPais
DA:19,1
DA:20,1
DA:21,1
DA:23,1
DA:25,1
DA:27,1
DA:28,1
DA:29,1
DA:30,1
DA:31,1
DA:32,1
DA:34,1
DA:35,1
DA:36,1
DA:38,1
LF:15
LH:15
BRF:0
BRH:0
end_of_record
